<?xml version="1.0" encoding="UTF-8"?>
<coverage generated="1743515692365" clover="3.2.0">
  <project timestamp="1743515692365" name="All files">
    <metrics statements="49" coveredstatements="21" conditionals="29" coveredconditionals="7" methods="23" coveredmethods="7" elements="101" coveredelements="35" complexity="0" loc="49" ncloc="49" packages="2" files="6" classes="6"/>
    <package name="src">
      <metrics statements="18" coveredstatements="12" conditionals="6" coveredconditionals="1" methods="5" coveredmethods="3"/>
      <file name="App.jsx" path="C:\Users\alina\Documents\practice\interview-task\frontend\src\App.jsx">
        <metrics statements="1" coveredstatements="0" conditionals="0" coveredconditionals="0" methods="1" coveredmethods="0"/>
        <line num="7" count="0" type="stmt"/>
      </file>
      <file name="api.js" path="C:\Users\alina\Documents\practice\interview-task\frontend\src\api.js">
        <metrics statements="16" coveredstatements="12" conditionals="6" coveredconditionals="1" methods="4" coveredmethods="3"/>
        <line num="1" count="1" type="stmt"/>
        <line num="4" count="1" type="stmt"/>
        <line num="5" count="2" type="stmt"/>
        <line num="6" count="2" type="stmt"/>
        <line num="7" count="0" type="cond" truecount="0" falsecount="2"/>
        <line num="8" count="0" type="stmt"/>
        <line num="10" count="0" type="stmt"/>
        <line num="12" count="2" type="cond" truecount="1" falsecount="1"/>
        <line num="13" count="2" type="stmt"/>
        <line num="15" count="2" type="stmt"/>
        <line num="19" count="1" type="stmt"/>
        <line num="20" count="0" type="stmt"/>
        <line num="26" count="1" type="cond" truecount="0" falsecount="1"/>
        <line num="27" count="1" type="stmt"/>
        <line num="33" count="1" type="cond" truecount="0" falsecount="1"/>
        <line num="34" count="1" type="stmt"/>
      </file>
      <file name="main.jsx" path="C:\Users\alina\Documents\practice\interview-task\frontend\src\main.jsx">
        <metrics statements="1" coveredstatements="0" conditionals="0" coveredconditionals="0" methods="0" coveredmethods="0"/>
        <line num="6" count="0" type="stmt"/>
      </file>
    </package>
    <package name="src.Components">
      <metrics statements="31" coveredstatements="9" conditionals="23" coveredconditionals="6" methods="18" coveredmethods="4"/>
      <file name="Analysis.jsx" path="C:\Users\alina\Documents\practice\interview-task\frontend\src\Components\Analysis.jsx">
        <metrics statements="2" coveredstatements="0" conditionals="0" coveredconditionals="0" methods="1" coveredmethods="0"/>
        <line num="3" count="0" type="stmt"/>
        <line num="4" count="0" type="stmt"/>
      </file>
      <file name="EpisodePerformance.jsx" path="C:\Users\alina\Documents\practice\interview-task\frontend\src\Components\EpisodePerformance.jsx">
        <metrics statements="12" coveredstatements="9" conditionals="16" coveredconditionals="6" methods="7" coveredmethods="4"/>
        <line num="5" count="1" type="stmt"/>
        <line num="6" count="1" type="stmt"/>
        <line num="7" count="1" type="stmt"/>
        <line num="9" count="1" type="stmt"/>
        <line num="10" count="1" type="stmt"/>
        <line num="11" count="1" type="cond" truecount="1" falsecount="1"/>
        <line num="14" count="1" type="stmt"/>
        <line num="15" count="1" type="cond" truecount="1" falsecount="1"/>
        <line num="19" count="1" type="stmt"/>
        <line num="29" count="0" type="stmt"/>
        <line num="69" count="0" type="stmt"/>
        <line num="110" count="0" type="stmt"/>
      </file>
      <file name="EpisodeSearch.jsx" path="C:\Users\alina\Documents\practice\interview-task\frontend\src\Components\EpisodeSearch.jsx">
        <metrics statements="17" coveredstatements="0" conditionals="7" coveredconditionals="0" methods="10" coveredmethods="0"/>
        <line num="5" count="0" type="stmt"/>
        <line num="6" count="0" type="stmt"/>
        <line num="7" count="0" type="stmt"/>
        <line num="8" count="0" type="stmt"/>
        <line num="9" count="0" type="stmt"/>
        <line num="11" count="0" type="stmt"/>
        <line num="12" count="0" type="stmt"/>
        <line num="13" count="0" type="cond" truecount="0" falsecount="2"/>
        <line num="17" count="0" type="stmt"/>
        <line num="19" count="0" type="cond" truecount="0" falsecount="3"/>
        <line num="24" count="0" type="stmt"/>
        <line num="37" count="0" type="stmt"/>
        <line num="50" count="0" type="stmt"/>
        <line num="64" count="0" type="stmt"/>
        <line num="87" count="0" type="stmt"/>
        <line num="96" count="0" type="stmt"/>
        <line num="103" count="0" type="stmt"/>
      </file>
    </package>
  </project>
</coverage>
