{"C:\\Users\\alina\\Documents\\practice\\interview-task\\frontend\\src\\App.jsx": {"path":"C:\\Users\\alina\\Documents\\practice\\interview-task\\frontend\\src\\App.jsx","statementMap":{"0":{"start":{"line":7,"column":2},"end":{"line":26,"column":4}}},"fnMap":{"0":{"name":"App","decl":{"start":{"line":6,"column":9},"end":{"line":6,"column":12}},"loc":{"start":{"line":6,"column":15},"end":{"line":27,"column":1}},"line":6}},"branchMap":{},"s":{"0":0},"f":{"0":0},"b":{}}
,"C:\\Users\\alina\\Documents\\practice\\interview-task\\frontend\\src\\api.js": {"path":"C:\\Users\\alina\\Documents\\practice\\interview-task\\frontend\\src\\api.js","statementMap":{"0":{"start":{"line":1,"column":16},"end":{"line":1,"column":39}},"1":{"start":{"line":4,"column":31},"end":{"line":17,"column":1}},"2":{"start":{"line":5,"column":2},"end":{"line":16,"column":3}},"3":{"start":{"line":6,"column":21},"end":{"line":6,"column":37}},"4":{"start":{"line":7,"column":4},"end":{"line":9,"column":5}},"5":{"start":{"line":8,"column":6},"end":{"line":8,"column":84}},"6":{"start":{"line":10,"column":4},"end":{"line":10,"column":33}},"7":{"start":{"line":12,"column":4},"end":{"line":14,"column":5}},"8":{"start":{"line":13,"column":6},"end":{"line":13,"column":35}},"9":{"start":{"line":15,"column":4},"end":{"line":15,"column":16}},"10":{"start":{"line":19,"column":34},"end":{"line":24,"column":1}},"11":{"start":{"line":20,"column":2},"end":{"line":23,"column":4}},"12":{"start":{"line":26,"column":32},"end":{"line":31,"column":1}},"13":{"start":{"line":27,"column":2},"end":{"line":30,"column":4}},"14":{"start":{"line":33,"column":35},"end":{"line":38,"column":1}},"15":{"start":{"line":34,"column":2},"end":{"line":37,"column":4}}},"fnMap":{"0":{"name":"(anonymous_0)","decl":{"start":{"line":4,"column":31},"end":{"line":4,"column":32}},"loc":{"start":{"line":4,"column":60},"end":{"line":17,"column":1}},"line":4},"1":{"name":"(anonymous_1)","decl":{"start":{"line":19,"column":34},"end":{"line":19,"column":35}},"loc":{"start":{"line":19,"column":46},"end":{"line":24,"column":1}},"line":19},"2":{"name":"(anonymous_2)","decl":{"start":{"line":26,"column":32},"end":{"line":26,"column":33}},"loc":{"start":{"line":26,"column":60},"end":{"line":31,"column":1}},"line":26},"3":{"name":"(anonymous_3)","decl":{"start":{"line":33,"column":35},"end":{"line":33,"column":36}},"loc":{"start":{"line":33,"column":63},"end":{"line":38,"column":1}},"line":33}},"branchMap":{"0":{"loc":{"start":{"line":7,"column":4},"end":{"line":9,"column":5}},"type":"if","locations":[{"start":{"line":7,"column":4},"end":{"line":9,"column":5}},{"start":{},"end":{}}],"line":7},"1":{"loc":{"start":{"line":12,"column":4},"end":{"line":14,"column":5}},"type":"if","locations":[{"start":{"line":12,"column":4},"end":{"line":14,"column":5}},{"start":{},"end":{}}],"line":12},"2":{"loc":{"start":{"line":26,"column":39},"end":{"line":26,"column":55}},"type":"default-arg","locations":[{"start":{"line":26,"column":48},"end":{"line":26,"column":55}}],"line":26},"3":{"loc":{"start":{"line":33,"column":42},"end":{"line":33,"column":58}},"type":"default-arg","locations":[{"start":{"line":33,"column":51},"end":{"line":33,"column":58}}],"line":33}},"s":{"0":1,"1":1,"2":2,"3":2,"4":0,"5":0,"6":0,"7":2,"8":2,"9":2,"10":1,"11":0,"12":1,"13":1,"14":1,"15":1},"f":{"0":2,"1":0,"2":1,"3":1},"b":{"0":[0,0],"1":[2,0],"2":[0],"3":[0]},"_coverageSchema":"1a1c01bbd47fc00a2c39e90264f33305004495a9","hash":"8b4a49e75fab4cb8a4d25d284e89316ddd414c39"}
,"C:\\Users\\alina\\Documents\\practice\\interview-task\\frontend\\src\\main.jsx": {"path":"C:\\Users\\alina\\Documents\\practice\\interview-task\\frontend\\src\\main.jsx","statementMap":{"0":{"start":{"line":6,"column":0},"end":{"line":10,"column":1}}},"fnMap":{},"branchMap":{},"s":{"0":0},"f":{},"b":{}}
,"C:\\Users\\alina\\Documents\\practice\\interview-task\\frontend\\src\\Components\\Analysis.jsx": {"path":"C:\\Users\\alina\\Documents\\practice\\interview-task\\frontend\\src\\Components\\Analysis.jsx","statementMap":{"0":{"start":{"line":3,"column":17},"end":{"line":42,"column":1}},"1":{"start":{"line":4,"column":0},"end":{"line":41,"column":2}}},"fnMap":{"0":{"name":"(anonymous_0)","decl":{"start":{"line":3,"column":17},"end":{"line":3,"column":18}},"loc":{"start":{"line":3,"column":23},"end":{"line":42,"column":1}},"line":3}},"branchMap":{},"s":{"0":0,"1":0},"f":{"0":0},"b":{}}
,"C:\\Users\\alina\\Documents\\practice\\interview-task\\frontend\\src\\Components\\EpisodePerformance.jsx": {"path":"C:\\Users\\alina\\Documents\\practice\\interview-task\\frontend\\src\\Components\\EpisodePerformance.jsx","statementMap":{"0":{"start":{"line":5,"column":40},"end":{"line":5,"column":52}},"1":{"start":{"line":6,"column":46},"end":{"line":6,"column":58}},"2":{"start":{"line":7,"column":30},"end":{"line":7,"column":47}},"3":{"start":{"line":9,"column":2},"end":{"line":17,"column":15}},"4":{"start":{"line":10,"column":4},"end":{"line":12,"column":7}},"5":{"start":{"line":11,"column":6},"end":{"line":11,"column":50}},"6":{"start":{"line":11,"column":16},"end":{"line":11,"column":50}},"7":{"start":{"line":14,"column":4},"end":{"line":16,"column":7}},"8":{"start":{"line":15,"column":6},"end":{"line":15,"column":56}},"9":{"start":{"line":15,"column":16},"end":{"line":15,"column":56}},"10":{"start":{"line":19,"column":2},"end":{"line":130,"column":4}},"11":{"start":{"line":29,"column":27},"end":{"line":29,"column":52}},"12":{"start":{"line":69,"column":16},"end":{"line":80,"column":21}},"13":{"start":{"line":110,"column":16},"end":{"line":121,"column":21}}},"fnMap":{"0":{"name":"EpisodePerformance","decl":{"start":{"line":4,"column":9},"end":{"line":4,"column":27}},"loc":{"start":{"line":4,"column":30},"end":{"line":131,"column":1}},"line":4},"1":{"name":"(anonymous_1)","decl":{"start":{"line":9,"column":12},"end":{"line":9,"column":13}},"loc":{"start":{"line":9,"column":18},"end":{"line":17,"column":3}},"line":9},"2":{"name":"(anonymous_2)","decl":{"start":{"line":10,"column":34},"end":{"line":10,"column":35}},"loc":{"start":{"line":10,"column":44},"end":{"line":12,"column":5}},"line":10},"3":{"name":"(anonymous_3)","decl":{"start":{"line":14,"column":37},"end":{"line":14,"column":38}},"loc":{"start":{"line":14,"column":47},"end":{"line":16,"column":5}},"line":14},"4":{"name":"(anonymous_4)","decl":{"start":{"line":29,"column":20},"end":{"line":29,"column":21}},"loc":{"start":{"line":29,"column":27},"end":{"line":29,"column":52}},"line":29},"5":{"name":"(anonymous_5)","decl":{"start":{"line":68,"column":30},"end":{"line":68,"column":31}},"loc":{"start":{"line":69,"column":16},"end":{"line":80,"column":21}},"line":69},"6":{"name":"(anonymous_6)","decl":{"start":{"line":109,"column":33},"end":{"line":109,"column":34}},"loc":{"start":{"line":110,"column":16},"end":{"line":121,"column":21}},"line":110}},"branchMap":{"0":{"loc":{"start":{"line":11,"column":6},"end":{"line":11,"column":50}},"type":"if","locations":[{"start":{"line":11,"column":6},"end":{"line":11,"column":50}},{"start":{},"end":{}}],"line":11},"1":{"loc":{"start":{"line":15,"column":6},"end":{"line":15,"column":56}},"type":"if","locations":[{"start":{"line":15,"column":6},"end":{"line":15,"column":56}},{"start":{},"end":{}}],"line":15},"2":{"loc":{"start":{"line":64,"column":13},"end":{"line":64,"column":74}},"type":"cond-expr","locations":[{"start":{"line":64,"column":45},"end":{"line":64,"column":65}},{"start":{"line":64,"column":68},"end":{"line":64,"column":74}}],"line":64},"3":{"loc":{"start":{"line":67,"column":13},"end":{"line":84,"column":13}},"type":"cond-expr","locations":[{"start":{"line":68,"column":14},"end":{"line":81,"column":16}},{"start":{"line":83,"column":14},"end":{"line":83,"column":44}}],"line":67},"4":{"loc":{"start":{"line":76,"column":21},"end":{"line":78,"column":30}},"type":"cond-expr","locations":[{"start":{"line":77,"column":24},"end":{"line":77,"column":44}},{"start":{"line":78,"column":24},"end":{"line":78,"column":30}}],"line":76},"5":{"loc":{"start":{"line":105,"column":13},"end":{"line":105,"column":74}},"type":"cond-expr","locations":[{"start":{"line":105,"column":45},"end":{"line":105,"column":65}},{"start":{"line":105,"column":68},"end":{"line":105,"column":74}}],"line":105},"6":{"loc":{"start":{"line":108,"column":13},"end":{"line":125,"column":13}},"type":"cond-expr","locations":[{"start":{"line":109,"column":14},"end":{"line":122,"column":16}},{"start":{"line":124,"column":14},"end":{"line":124,"column":47}}],"line":108},"7":{"loc":{"start":{"line":117,"column":21},"end":{"line":119,"column":30}},"type":"cond-expr","locations":[{"start":{"line":118,"column":24},"end":{"line":118,"column":44}},{"start":{"line":119,"column":24},"end":{"line":119,"column":30}}],"line":117}},"s":{"0":1,"1":1,"2":1,"3":1,"4":1,"5":1,"6":0,"7":1,"8":1,"9":0,"10":1,"11":0,"12":0,"13":0},"f":{"0":1,"1":1,"2":1,"3":1,"4":0,"5":0,"6":0},"b":{"0":[0,1],"1":[0,1],"2":[0,1],"3":[0,1],"4":[0,0],"5":[0,1],"6":[0,1],"7":[0,0]},"_coverageSchema":"1a1c01bbd47fc00a2c39e90264f33305004495a9","hash":"34440c1646d2710332d030743e545f8819724749"}
,"C:\\Users\\alina\\Documents\\practice\\interview-task\\frontend\\src\\Components\\EpisodeSearch.jsx": {"path":"C:\\Users\\alina\\Documents\\practice\\interview-task\\frontend\\src\\Components\\EpisodeSearch.jsx","statementMap":{"0":{"start":{"line":5,"column":34},"end":{"line":5,"column":46}},"1":{"start":{"line":6,"column":38},"end":{"line":6,"column":50}},"2":{"start":{"line":7,"column":34},"end":{"line":7,"column":45}},"3":{"start":{"line":8,"column":34},"end":{"line":8,"column":52}},"4":{"start":{"line":9,"column":42},"end":{"line":9,"column":54}},"5":{"start":{"line":11,"column":2},"end":{"line":15,"column":9}},"6":{"start":{"line":12,"column":4},"end":{"line":14,"column":7}},"7":{"start":{"line":13,"column":6},"end":{"line":13,"column":49}},"8":{"start":{"line":13,"column":16},"end":{"line":13,"column":49}},"9":{"start":{"line":17,"column":27},"end":{"line":22,"column":3}},"10":{"start":{"line":19,"column":6},"end":{"line":21,"column":31}},"11":{"start":{"line":24,"column":2},"end":{"line":117,"column":4}},"12":{"start":{"line":37,"column":27},"end":{"line":37,"column":56}},"13":{"start":{"line":50,"column":27},"end":{"line":50,"column":62}},"14":{"start":{"line":64,"column":27},"end":{"line":64,"column":62}},"15":{"start":{"line":87,"column":14},"end":{"line":87,"column":57}},"16":{"start":{"line":96,"column":14},"end":{"line":96,"column":67}},"17":{"start":{"line":103,"column":27},"end":{"line":103,"column":61}}},"fnMap":{"0":{"name":"EpisodeSearch","decl":{"start":{"line":4,"column":9},"end":{"line":4,"column":22}},"loc":{"start":{"line":4,"column":25},"end":{"line":118,"column":1}},"line":4},"1":{"name":"(anonymous_1)","decl":{"start":{"line":11,"column":12},"end":{"line":11,"column":13}},"loc":{"start":{"line":11,"column":18},"end":{"line":15,"column":3}},"line":11},"2":{"name":"(anonymous_2)","decl":{"start":{"line":12,"column":30},"end":{"line":12,"column":31}},"loc":{"start":{"line":12,"column":40},"end":{"line":14,"column":5}},"line":12},"3":{"name":"(anonymous_3)","decl":{"start":{"line":18,"column":4},"end":{"line":18,"column":5}},"loc":{"start":{"line":19,"column":6},"end":{"line":21,"column":31}},"line":19},"4":{"name":"(anonymous_4)","decl":{"start":{"line":37,"column":20},"end":{"line":37,"column":21}},"loc":{"start":{"line":37,"column":27},"end":{"line":37,"column":56}},"line":37},"5":{"name":"(anonymous_5)","decl":{"start":{"line":50,"column":20},"end":{"line":50,"column":21}},"loc":{"start":{"line":50,"column":27},"end":{"line":50,"column":62}},"line":50},"6":{"name":"(anonymous_6)","decl":{"start":{"line":64,"column":20},"end":{"line":64,"column":21}},"loc":{"start":{"line":64,"column":27},"end":{"line":64,"column":62}},"line":64},"7":{"name":"(anonymous_7)","decl":{"start":{"line":86,"column":57},"end":{"line":86,"column":58}},"loc":{"start":{"line":87,"column":14},"end":{"line":87,"column":57}},"line":87},"8":{"name":"(anonymous_8)","decl":{"start":{"line":95,"column":57},"end":{"line":95,"column":58}},"loc":{"start":{"line":96,"column":14},"end":{"line":96,"column":67}},"line":96},"9":{"name":"(anonymous_9)","decl":{"start":{"line":103,"column":21},"end":{"line":103,"column":22}},"loc":{"start":{"line":103,"column":27},"end":{"line":103,"column":61}},"line":103}},"branchMap":{"0":{"loc":{"start":{"line":13,"column":6},"end":{"line":13,"column":49}},"type":"if","locations":[{"start":{"line":13,"column":6},"end":{"line":13,"column":49}},{"start":{},"end":{}}],"line":13},"1":{"loc":{"start":{"line":19,"column":6},"end":{"line":21,"column":31}},"type":"binary-expr","locations":[{"start":{"line":19,"column":6},"end":{"line":19,"column":75}},{"start":{"line":20,"column":6},"end":{"line":20,"column":31}},{"start":{"line":21,"column":6},"end":{"line":21,"column":31}}],"line":19},"2":{"loc":{"start":{"line":101,"column":9},"end":{"line":114,"column":9}},"type":"binary-expr","locations":[{"start":{"line":101,"column":9},"end":{"line":101,"column":47}},{"start":{"line":102,"column":10},"end":{"line":113,"column":19}}],"line":101}},"s":{"0":0,"1":0,"2":0,"3":0,"4":0,"5":0,"6":0,"7":0,"8":0,"9":0,"10":0,"11":0,"12":0,"13":0,"14":0,"15":0,"16":0,"17":0},"f":{"0":0,"1":0,"2":0,"3":0,"4":0,"5":0,"6":0,"7":0,"8":0,"9":0},"b":{"0":[0,0],"1":[0,0,0],"2":[0,0]}}
}
