TN:
SF:src\App.jsx
FN:6,App
FNF:1
FNH:0
FNDA:0,App
DA:7,0
LF:1
LH:0
BRF:0
BRH:0
end_of_record
TN:
SF:src\api.js
FN:4,(anonymous_0)
FN:19,(anonymous_1)
FN:26,(anonymous_2)
FN:33,(anonymous_3)
FNF:4
FNH:3
FNDA:2,(anonymous_0)
FNDA:0,(anonymous_1)
FNDA:1,(anonymous_2)
FNDA:1,(anonymous_3)
DA:1,1
DA:4,1
DA:5,2
DA:6,2
DA:7,0
DA:8,0
DA:10,0
DA:12,2
DA:13,2
DA:15,2
DA:19,1
DA:20,0
DA:26,1
DA:27,1
DA:33,1
DA:34,1
LF:16
LH:12
BRDA:7,0,0,0
BRDA:7,0,1,0
BRDA:12,1,0,2
BRDA:12,1,1,0
BRDA:26,2,0,0
BRDA:33,3,0,0
BRF:6
BRH:1
end_of_record
TN:
SF:src\main.jsx
FNF:0
FNH:0
DA:6,0
LF:1
LH:0
BRF:0
BRH:0
end_of_record
TN:
SF:src\Components\Analysis.jsx
FN:3,(anonymous_0)
FNF:1
FNH:0
FNDA:0,(anonymous_0)
DA:3,0
DA:4,0
LF:2
LH:0
BRF:0
BRH:0
end_of_record
TN:
SF:src\Components\EpisodePerformance.jsx
FN:4,EpisodePerformance
FN:9,(anonymous_1)
FN:10,(anonymous_2)
FN:14,(anonymous_3)
FN:29,(anonymous_4)
FN:68,(anonymous_5)
FN:109,(anonymous_6)
FNF:7
FNH:4
FNDA:1,EpisodePerformance
FNDA:1,(anonymous_1)
FNDA:1,(anonymous_2)
FNDA:1,(anonymous_3)
FNDA:0,(anonymous_4)
FNDA:0,(anonymous_5)
FNDA:0,(anonymous_6)
DA:5,1
DA:6,1
DA:7,1
DA:9,1
DA:10,1
DA:11,1
DA:14,1
DA:15,1
DA:19,1
DA:29,0
DA:69,0
DA:110,0
LF:12
LH:9
BRDA:11,0,0,0
BRDA:11,0,1,1
BRDA:15,1,0,0
BRDA:15,1,1,1
BRDA:64,2,0,0
BRDA:64,2,1,1
BRDA:67,3,0,0
BRDA:67,3,1,1
BRDA:76,4,0,0
BRDA:76,4,1,0
BRDA:105,5,0,0
BRDA:105,5,1,1
BRDA:108,6,0,0
BRDA:108,6,1,1
BRDA:117,7,0,0
BRDA:117,7,1,0
BRF:16
BRH:6
end_of_record
TN:
SF:src\Components\EpisodeSearch.jsx
FN:4,EpisodeSearch
FN:11,(anonymous_1)
FN:12,(anonymous_2)
FN:18,(anonymous_3)
FN:37,(anonymous_4)
FN:50,(anonymous_5)
FN:64,(anonymous_6)
FN:86,(anonymous_7)
FN:95,(anonymous_8)
FN:103,(anonymous_9)
FNF:10
FNH:0
FNDA:0,EpisodeSearch
FNDA:0,(anonymous_1)
FNDA:0,(anonymous_2)
FNDA:0,(anonymous_3)
FNDA:0,(anonymous_4)
FNDA:0,(anonymous_5)
FNDA:0,(anonymous_6)
FNDA:0,(anonymous_7)
FNDA:0,(anonymous_8)
FNDA:0,(anonymous_9)
DA:5,0
DA:6,0
DA:7,0
DA:8,0
DA:9,0
DA:11,0
DA:12,0
DA:13,0
DA:17,0
DA:19,0
DA:24,0
DA:37,0
DA:50,0
DA:64,0
DA:87,0
DA:96,0
DA:103,0
LF:17
LH:0
BRDA:13,0,0,0
BRDA:13,0,1,0
BRDA:19,1,0,0
BRDA:19,1,1,0
BRDA:19,1,2,0
BRDA:101,2,0,0
BRDA:101,2,1,0
BRF:7
BRH:0
end_of_record
